0 info it worked if it ends with ok
1 verbose cli [ 'node', '/usr/local/bin/npm', 'link', 'mwm' ]
2 info using npm@1.1.48
3 info using node@v0.8.6
4 verbose config file /Users/maxmert/.npmrc
5 verbose config file /usr/local/etc/npmrc
6 verbose config file /usr/local/lib/node_modules/npm/npmrc
7 verbose install where,what [ '/usr/local/lib', [ 'mwm' ] ]
8 verbose read json /usr/local/lib/package.json
9 verbose read json /usr/local/lib/node_modules/coffee-script/package.json
10 verbose read json /usr/local/lib/node_modules/express/package.json
11 verbose read json /usr/local/lib/node_modules/grunt/package.json
12 verbose read json /usr/local/lib/node_modules/mongoose/package.json
13 verbose read json /usr/local/lib/node_modules/nodemon/package.json
14 verbose read json /usr/local/lib/node_modules/npm/package.json
15 verbose read json /usr/local/lib/package.json
16 verbose cache add [ 'mwm', null ]
17 silly cache add name=undefined spec="mwm" args=["mwm",null]
18 verbose parsed url { pathname: 'mwm', path: 'mwm', href: 'mwm' }
19 silly lockFile 52536dd2-mwm mwm
20 verbose lock mwm /Users/maxmert/.npm/52536dd2-mwm.lock
21 verbose chmod /Users/maxmert/tmp/npm-25004/1359503155545-0.7165828398428857/tmp.tgz 644
22 verbose tar unpack /Users/maxmert/tmp/npm-25004/1359503155545-0.7165828398428857/tmp.tgz
23 silly lockFile 92087b0d-55545-0-7165828398428857-package /Users/maxmert/tmp/npm-25004/1359503155545-0.7165828398428857/package
24 verbose lock /Users/maxmert/tmp/npm-25004/1359503155545-0.7165828398428857/package /Users/maxmert/.npm/92087b0d-55545-0-7165828398428857-package.lock
25 silly gunzTarPerm modes [ '755', '644' ]
26 verbose read json /Users/maxmert/tmp/npm-25004/1359503155545-0.7165828398428857/package/package.json
27 error not a package /Users/maxmert/tmp/npm-25004/1359503155545-0.7165828398428857/tmp.tgz
28 silly lockFile 92087b0d-55545-0-7165828398428857-package /Users/maxmert/tmp/npm-25004/1359503155545-0.7165828398428857/package
29 silly lockFile 52536dd2-mwm mwm
30 verbose addNamed [ 'mwm', '' ]
31 verbose addNamed [ null, '' ]
32 silly lockFile 4b546480-mwm mwm@
33 verbose lock mwm@ /Users/maxmert/.npm/4b546480-mwm.lock
34 silly addNameRange { name: 'mwm', range: '', hasData: false }
35 verbose url raw mwm
36 verbose url resolving [ 'https://registry.npmjs.org/', './mwm' ]
37 verbose url resolved https://registry.npmjs.org/mwm
38 info retry registry request attempt 1 at 03:45:55
39 http GET https://registry.npmjs.org/mwm
40 http 404 https://registry.npmjs.org/mwm
41 silly registry.get cb [ 404,
41 silly registry.get   { server: 'CouchDB/1.2.1 (Erlang OTP/R15B)',
41 silly registry.get     date: 'Tue, 29 Jan 2013 23:44:15 GMT',
41 silly registry.get     'content-type': 'application/json',
41 silly registry.get     'content-length': '52',
41 silly registry.get     'cache-control': 'must-revalidate' } ]
42 silly lockFile 4b546480-mwm mwm@
43 error 404 'mwm' is not in the npm registry.
43 error 404 You should bug the author to publish it
43 error 404
43 error 404 Note that you can also install from a
43 error 404 tarball, folder, or http url, or git url.
44 error System Darwin 12.2.0
45 error command "node" "/usr/local/bin/npm" "link" "mwm"
46 error cwd /Users/maxmert/Project/mwm
47 error node -v v0.8.6
48 error npm -v 1.1.48
49 error code E404
50 verbose exit [ 1, true ]
